<?xml version="1.0" encoding="UTF-8"?>
<testng-results skipped="0" failed="0" ignored="0" total="1" passed="1">
  <reporter-output>
    <line>
      <![CDATA[Clicking on login link By.id: L2AGLb]]>
    </line>
  </reporter-output>
  <suite name="Command line suite" duration-ms="6021" started-at="2023-01-22T16:55:13 GMT" finished-at="2023-01-22T16:55:19 GMT">
    <groups>
    </groups>
    <test name="Command line test" duration-ms="6021" started-at="2023-01-22T16:55:13 GMT" finished-at="2023-01-22T16:55:19 GMT">
      <class name="org.example.testsuite.LoginPageTest">
        <test-method status="PASS" signature="setUp()[pri:0, instance:org.example.testsuite.LoginPageTest@5891e32e]" name="setUp" is-config="true" duration-ms="4993" started-at="2023-01-22T16:55:13 GMT" finished-at="2023-01-22T16:55:18 GMT">
          <reporter-output>
          </reporter-output>
        </test-method> <!-- setUp -->
        <test-method status="PASS" signature="usershouldTypeTescoOnBrowser()[pri:0, instance:org.example.testsuite.LoginPageTest@5891e32e]" name="usershouldTypeTescoOnBrowser" duration-ms="186" started-at="2023-01-22T16:55:18 GMT" finished-at="2023-01-22T16:55:19 GMT">
          <reporter-output>
            <line>
              <![CDATA[Clicking on login link By.id: L2AGLb]]>
            </line>
          </reporter-output>
        </test-method> <!-- usershouldTypeTescoOnBrowser -->
        <test-method status="PASS" signature="tearDown()[pri:0, instance:org.example.testsuite.LoginPageTest@5891e32e]" name="tearDown" is-config="true" duration-ms="789" started-at="2023-01-22T16:55:19 GMT" finished-at="2023-01-22T16:55:19 GMT">
          <reporter-output>
          </reporter-output>
        </test-method> <!-- tearDown -->
      </class> <!-- org.example.testsuite.LoginPageTest -->
    </test> <!-- Command line test -->
  </suite> <!-- Command line suite -->
</testng-results>
